info: ::1 - - [24/May/2025:12:11:37 +0000] "POST /api/v1/ HTTP/1.1" 404 47 "-" "PostmanRuntime/7.44.0"

info: ::1 - - [24/May/2025:12:11:45 +0000] "GET /api/v1/ HTTP/1.1" 200 9 "-" "PostmanRuntime/7.44.0"

info: ::1 - - [24/May/2025:12:11:56 +0000] "POST /api/v1/api/accounts HTTP/1.1" 404 47 "-" "PostmanRuntime/7.44.0"

info: ::1 - - [24/May/2025:12:12:23 +0000] "POST /api/v1/api/accounts HTTP/1.1" 404 47 "-" "PostmanRuntime/7.44.0"

info: ::1 - - [24/May/2025:12:54:01 +0000] "GET /api/v1/ HTTP/1.1" 200 9 "-" "Mozilla/5.0 (Macintosh; Intel Mac OS X 10_15_7) AppleWebKit/605.1.15 (KHTML, like Gecko) Version/18.3.1 Safari/605.1.15"

info: ::1 - - [24/May/2025:12:54:08 +0000] "GET /api/v1 HTTP/1.1" 200 9 "-" "PostmanRuntime/7.44.0"

info: ::1 - - [24/May/2025:12:54:22 +0000] "POST /api/v1/api/accounts HTTP/1.1" 404 47 "-" "PostmanRuntime/7.44.0"

info: ::1 - - [24/May/2025:13:11:45 +0000] "GET /api/v1/ HTTP/1.1" 304 - "-" "Mozilla/5.0 (Macintosh; Intel Mac OS X 10_15_7) AppleWebKit/605.1.15 (KHTML, like Gecko) Version/18.3.1 Safari/605.1.15"

info: ::1 - - [24/May/2025:13:12:01 +0000] "POST /api/v1/api/accounts HTTP/1.1" 404 47 "-" "PostmanRuntime/7.44.0"

info: ::1 - - [24/May/2025:13:12:13 +0000] "POST /api/v1/api/accounts HTTP/1.1" 404 47 "-" "PostmanRuntime/7.44.0"

info: ::1 - - [24/May/2025:13:12:49 +0000] "GET /api/v1/ HTTP/1.1" 200 9 "-" "PostmanRuntime/7.44.0"

info: ::1 - - [24/May/2025:13:12:53 +0000] "GET /api/v1/api HTTP/1.1" 404 47 "-" "PostmanRuntime/7.44.0"

info: ::1 - - [24/May/2025:13:12:57 +0000] "GET /api/v1/api/account HTTP/1.1" 404 47 "-" "PostmanRuntime/7.44.0"

info: ::1 - - [24/May/2025:13:13:01 +0000] "POST /api/v1/api/accounts HTTP/1.1" 404 47 "-" "PostmanRuntime/7.44.0"

info: ::1 - - [24/May/2025:13:17:11 +0000] "GET /api/v1 HTTP/1.1" 200 9 "-" "PostmanRuntime/7.44.0"

info: ::1 - - [24/May/2025:13:17:20 +0000] "POST /api/v1 HTTP/1.1" 404 47 "-" "PostmanRuntime/7.44.0"

info: ::1 - - [24/May/2025:13:18:04 +0000] "POST /api/v1 HTTP/1.1" 404 47 "-" "PostmanRuntime/7.44.0"

info: ::1 - - [24/May/2025:13:18:06 +0000] "POST /api/v1 HTTP/1.1" 404 47 "-" "PostmanRuntime/7.44.0"

info: ::1 - - [24/May/2025:13:18:12 +0000] "POST /api/v1 HTTP/1.1" 404 47 "-" "PostmanRuntime/7.44.0"

info: ::1 - - [24/May/2025:13:18:17 +0000] "POST /api/v1 HTTP/1.1" 404 47 "-" "PostmanRuntime/7.44.0"

info: ::1 - - [24/May/2025:13:18:18 +0000] "POST /api/v1 HTTP/1.1" 404 47 "-" "PostmanRuntime/7.44.0"

info: ::1 - - [24/May/2025:13:18:19 +0000] "POST /api/v1 HTTP/1.1" 404 47 "-" "PostmanRuntime/7.44.0"

info: ::1 - - [24/May/2025:13:19:53 +0000] "POST /api/v1/api/accounts HTTP/1.1" 404 47 "-" "PostmanRuntime/7.44.0"

info: ::1 - - [24/May/2025:13:20:19 +0000] "POST /api/v1/accounts HTTP/1.1" 404 47 "-" "PostmanRuntime/7.44.0"

info: ::1 - - [24/May/2025:13:20:20 +0000] "POST /api/v1/accounts HTTP/1.1" 404 47 "-" "PostmanRuntime/7.44.0"

info: ::1 - - [24/May/2025:13:20:35 +0000] "POST /api/v1/accounts HTTP/1.1" 404 47 "-" "PostmanRuntime/7.44.0"

info: ::1 - - [24/May/2025:13:20:39 +0000] "POST /api/v1/accounts HTTP/1.1" 404 47 "-" "PostmanRuntime/7.44.0"

info: ::1 - - [24/May/2025:13:20:41 +0000] "POST /api/v1/accounts HTTP/1.1" 404 47 "-" "PostmanRuntime/7.44.0"

info: ::1 - - [24/May/2025:13:20:45 +0000] "POST /api/v1/accounts HTTP/1.1" 404 47 "-" "PostmanRuntime/7.44.0"

info: ::1 - - [24/May/2025:13:20:53 +0000] "POST /api/v1/accounts HTTP/1.1" 404 47 "-" "PostmanRuntime/7.44.0"

info: ::1 - - [24/May/2025:13:23:28 +0000] "POST /api/v1/accounts HTTP/1.1" 201 147 "-" "PostmanRuntime/7.44.0"

info: ::1 - - [24/May/2025:13:39:47 +0000] "POST /api/v1/accounts HTTP/1.1" 201 224 "-" "PostmanRuntime/7.44.0"

info: ::1 - - [24/May/2025:13:41:15 +0000] "POST /api/v1/accounts HTTP/1.1" 201 228 "-" "PostmanRuntime/7.44.0"

info: ::1 - - [24/May/2025:13:41:21 +0000] "POST /api/v1/accounts HTTP/1.1" 201 228 "-" "PostmanRuntime/7.44.0"

info: ::1 - - [24/May/2025:13:41:22 +0000] "POST /api/v1/accounts HTTP/1.1" 201 228 "-" "PostmanRuntime/7.44.0"

info: ::1 - - [24/May/2025:13:58:18 +0000] "POST /api/v1/accounts HTTP/1.1" 201 509 "-" "PostmanRuntime/7.44.0"

info: ::1 - - [24/May/2025:14:07:12 +0000] "POST /api/v1/accounts HTTP/1.1" 201 509 "-" "PostmanRuntime/7.44.0"

info: ::1 - - [24/May/2025:14:07:20 +0000] "GET /api/v1/accounts HTTP/1.1" 500 107 "-" "PostmanRuntime/7.44.0"

info: ::1 - - [24/May/2025:14:07:31 +0000] "GET /api/v1/accounts HTTP/1.1" 500 107 "-" "PostmanRuntime/7.44.0"

info: ::1 - - [24/May/2025:14:08:06 +0000] "GET /api/v1/accounts HTTP/1.1" 500 107 "-" "PostmanRuntime/7.44.0"

info: ::1 - - [24/May/2025:14:09:43 +0000] "GET /api/v1/accounts HTTP/1.1" 500 107 "-" "PostmanRuntime/7.44.0"

info: ::1 - - [24/May/2025:14:09:45 +0000] "GET /api/v1/accounts HTTP/1.1" 500 107 "-" "PostmanRuntime/7.44.0"

info: ::1 - - [24/May/2025:14:10:05 +0000] "GET /api/v1/listAccounts HTTP/1.1" 404 47 "-" "PostmanRuntime/7.44.0"

info: ::1 - - [24/May/2025:14:10:11 +0000] "GET /api/v1/listAccounts HTTP/1.1" 404 47 "-" "PostmanRuntime/7.44.0"

info: ::1 - - [24/May/2025:14:10:20 +0000] "GET /api/v1/listAccounts HTTP/1.1" 404 47 "-" "PostmanRuntime/7.44.0"

info: ::1 - - [24/May/2025:14:10:21 +0000] "GET /api/v1/listAccounts HTTP/1.1" 404 47 "-" "PostmanRuntime/7.44.0"

info: ::1 - - [24/May/2025:14:10:31 +0000] "GET /api/v1/accounts HTTP/1.1" 500 107 "-" "PostmanRuntime/7.44.0"

info: ::1 - - [24/May/2025:14:10:35 +0000] "POST /api/v1/accounts HTTP/1.1" 201 738 "-" "PostmanRuntime/7.44.0"

info: ::1 - - [24/May/2025:14:10:43 +0000] "GET /api/v1/accounts HTTP/1.1" 500 107 "-" "PostmanRuntime/7.44.0"

info: ::1 - - [24/May/2025:14:10:48 +0000] "GET /api/v1/accounts HTTP/1.1" 500 107 "-" "PostmanRuntime/7.44.0"

info: ::1 - - [24/May/2025:14:11:03 +0000] "GET /api/v1/listAccounts HTTP/1.1" 404 47 "-" "PostmanRuntime/7.44.0"

info: ::1 - - [24/May/2025:14:13:42 +0000] "GET /api/v1/accounts HTTP/1.1" 200 15 "-" "PostmanRuntime/7.44.0"

info: ::1 - - [24/May/2025:14:20:39 +0000] "POST /api/v1/decrypt HTTP/1.1" 404 47 "-" "PostmanRuntime/7.44.0"

info: ::1 - - [24/May/2025:14:20:44 +0000] "POST /api/v1/decrypt HTTP/1.1" 404 47 "-" "PostmanRuntime/7.44.0"

info: ::1 - - [24/May/2025:14:21:10 +0000] "POST /api/v1/decrypt HTTP/1.1" 404 47 "-" "PostmanRuntime/7.44.0"

info: ::1 - - [24/May/2025:14:21:40 +0000] "POST /api/v1/decrypt HTTP/1.1" 404 47 "-" "PostmanRuntime/7.44.0"

info: ::1 - - [24/May/2025:14:21:52 +0000] "GET /api/v1/decrypt HTTP/1.1" 404 47 "-" "PostmanRuntime/7.44.0"

info: ::1 - - [24/May/2025:14:21:56 +0000] "POST /api/v1/decrypt HTTP/1.1" 404 47 "-" "PostmanRuntime/7.44.0"

info: ::1 - - [24/May/2025:14:22:00 +0000] "POST /api/v1/decrypt HTTP/1.1" 404 47 "-" "PostmanRuntime/7.44.0"

info: ::1 - - [24/May/2025:14:22:56 +0000] "POST /api/v1/decrypt HTTP/1.1" 404 47 "-" "PostmanRuntime/7.44.0"

info: ::1 - - [24/May/2025:14:23:03 +0000] "POST /api/v1/decrypt HTTP/1.1" 404 47 "-" "PostmanRuntime/7.44.0"

info: ::1 - - [24/May/2025:14:23:33 +0000] "POST /api/v1/decrypt HTTP/1.1" 400 155 "-" "PostmanRuntime/7.44.0"

info: ::1 - - [24/May/2025:14:23:41 +0000] "POST /api/v1/decrypt HTTP/1.1" 400 155 "-" "PostmanRuntime/7.44.0"

info: ::1 - - [24/May/2025:14:26:08 +0000] "POST /api/v1/accounts HTTP/1.1" 201 509 "-" "PostmanRuntime/7.44.0"

info: ::1 - - [24/May/2025:14:32:59 +0000] "POST /api/v1/accounts HTTP/1.1" 201 509 "-" "PostmanRuntime/7.44.0"

info: ::1 - - [24/May/2025:14:34:58 +0000] "POST /api/v1/accounts HTTP/1.1" 201 738 "-" "PostmanRuntime/7.44.0"

info: ::1 - - [24/May/2025:14:37:12 +0000] "GET /api/v1/accounts HTTP/1.1" 500 107 "-" "PostmanRuntime/7.44.0"

info: ::1 - - [24/May/2025:14:37:17 +0000] "GET /api/v1/accounts HTTP/1.1" 500 107 "-" "PostmanRuntime/7.44.0"

info: ::1 - - [24/May/2025:14:37:50 +0000] "GET /api/v1/accounts HTTP/1.1" 500 107 "-" "PostmanRuntime/7.44.0"

info: ::1 - - [24/May/2025:14:37:56 +0000] "GET /api/v1/account HTTP/1.1" 404 47 "-" "PostmanRuntime/7.44.0"

info: ::1 - - [24/May/2025:14:38:00 +0000] "GET /api/v1/accounts HTTP/1.1" 500 107 "-" "PostmanRuntime/7.44.0"

info: ::1 - - [24/May/2025:14:38:30 +0000] "GET /api/v1/accounts HTTP/1.1" 500 107 "-" "PostmanRuntime/7.44.0"

info: ::1 - - [24/May/2025:14:39:30 +0000] "GET /api/accounts HTTP/1.1" 404 47 "-" "PostmanRuntime/7.44.0"

info: ::1 - - [24/May/2025:14:39:33 +0000] "GET /api/accounts HTTP/1.1" 404 47 "-" "PostmanRuntime/7.44.0"

info: ::1 - - [24/May/2025:14:39:35 +0000] "GET /api/accounts HTTP/1.1" 404 47 "-" "PostmanRuntime/7.44.0"

info: ::1 - - [24/May/2025:14:40:02 +0000] "GET /api/v1/accounts HTTP/1.1" 500 107 "-" "PostmanRuntime/7.44.0"

info: ::1 - - [24/May/2025:14:40:06 +0000] "POST /api/v1/accounts HTTP/1.1" 201 967 "-" "PostmanRuntime/7.44.0"

info: ::1 - - [24/May/2025:14:40:12 +0000] "GET /api/v1/accounts HTTP/1.1" 500 107 "-" "PostmanRuntime/7.44.0"

info: ::1 - - [24/May/2025:14:40:58 +0000] "GET /api/v1/accounts HTTP/1.1" 500 107 "-" "PostmanRuntime/7.44.0"

info: ::1 - - [24/May/2025:14:41:09 +0000] "GET /api/v1/accounts HTTP/1.1" 500 107 "-" "Mozilla/5.0 (Macintosh; Intel Mac OS X 10_15_7) AppleWebKit/605.1.15 (KHTML, like Gecko) Version/18.3.1 Safari/605.1.15"

info: ::1 - - [24/May/2025:14:45:06 +0000] "GET /api/v1/accounts HTTP/1.1" 200 15 "-" "PostmanRuntime/7.44.0"

info: ::1 - - [24/May/2025:14:45:23 +0000] "GET /api/v1/accounts HTTP/1.1" 200 15 "-" "PostmanRuntime/7.44.0"

info: ::1 - - [24/May/2025:14:45:24 +0000] "GET /api/v1/accounts HTTP/1.1" 200 15 "-" "PostmanRuntime/7.44.0"

info: ::1 - - [24/May/2025:14:45:57 +0000] "POST /api/v1/accounts HTTP/1.1" 201 509 "-" "PostmanRuntime/7.44.0"

info: ::1 - - [24/May/2025:14:46:01 +0000] "GET /api/v1/accounts HTTP/1.1" 500 107 "-" "PostmanRuntime/7.44.0"

info: ::1 - - [24/May/2025:14:46:09 +0000] "GET /api/v1/accounts HTTP/1.1" 500 107 "-" "PostmanRuntime/7.44.0"

info: ::1 - - [24/May/2025:14:49:08 +0000] "GET /api/v1/accounts HTTP/1.1" 200 15 "-" "PostmanRuntime/7.44.0"

info: ::1 - - [24/May/2025:14:49:15 +0000] "POST /api/v1/accounts HTTP/1.1" 201 658 "-" "PostmanRuntime/7.44.0"

info: ::1 - - [24/May/2025:14:49:19 +0000] "GET /api/v1/accounts HTTP/1.1" 200 514 "-" "PostmanRuntime/7.44.0"

info: ::1 - - [24/May/2025:15:32:21 +0000] "GET /api/v1/accounts HTTP/1.1" 200 514 "-" "PostmanRuntime/7.44.0"

info: ::1 - - [24/May/2025:15:32:27 +0000] "POST /api/v1/accounts HTTP/1.1" 201 658 "-" "PostmanRuntime/7.44.0"

info: ::1 - - [24/May/2025:15:35:08 +0000] "POST /api/v1/decrypt HTTP/1.1" 400 76 "-" "PostmanRuntime/7.44.0"

info: ::1 - - [24/May/2025:15:35:27 +0000] "POST /api/v1/accounts HTTP/1.1" 201 658 "-" "PostmanRuntime/7.44.0"

info: ::1 - - [24/May/2025:15:36:52 +0000] "POST /api/v1/accounts HTTP/1.1" 201 658 "-" "PostmanRuntime/7.44.0"

info: ::1 - - [24/May/2025:17:34:13 +0000] "POST /api/v1/accounts HTTP/1.1" 201 658 "-" "PostmanRuntime/7.44.0"

